<!--

    Copyright (c) 2018 Oracle and/or its affiliates. All rights reserved.

    This program and the accompanying materials are made available under the
    terms of the Eclipse Distribution License v. 1.0, which is available at
    http://www.eclipse.org/org/documents/edl-v10.php.

    SPDX-License-Identifier: BSD-3-Clause

-->

<descriptor>
  <description>This is a simple JAX-WS MTOM example</description>
  <client href ="test.bsh"/>
  <service>
    <wsdl href="hello.wsdl"/>
  </service>
</descriptor>

